<?xml version="1.0" encoding="UTF-8"?>
<coverage generated="1786116546864" clover="3.2.0">
  <project timestamp="1786116546865" name="All files">
    <metrics statements="43" coveredstatements="43" conditionals="44" coveredconditionals="38" methods="17" coveredmethods="17" elements="104" coveredelements="98" complexity="0" loc="43" ncloc="43" packages="1" files="3" classes="3"/>
    <file name="BlogCard.tsx" path="C:\Users\himan\OneDrive\Desktop\blog\components\BlogCard.tsx">
      <metrics statements="9" coveredstatements="9" conditionals="14" coveredconditionals="10" methods="4" coveredmethods="4"/>
      <line num="13" count="1" type="stmt"/>
      <line num="14" count="9" type="stmt"/>
      <line num="15" count="9" type="stmt"/>
      <line num="16" count="9" type="cond" truecount="2" falsecount="0"/>
      <line num="17" count="1" type="cond" truecount="1" falsecount="1"/>
      <line num="18" count="1" type="stmt"/>
      <line num="21" count="9" type="stmt"/>
      <line num="56" count="2" type="stmt"/>
      <line num="62" count="2" type="stmt"/>
    </file>
    <file name="BlogDetail.tsx" path="C:\Users\himan\OneDrive\Desktop\blog\components\BlogDetail.tsx">
      <metrics statements="7" coveredstatements="7" conditionals="18" coveredconditionals="17" methods="2" coveredmethods="2"/>
      <line num="10" count="1" type="stmt"/>
      <line num="11" count="6" type="stmt"/>
      <line num="13" count="3" type="stmt"/>
      <line num="17" count="6" type="cond" truecount="2" falsecount="0"/>
      <line num="18" count="1" type="stmt"/>
      <line num="28" count="5" type="cond" truecount="4" falsecount="0"/>
      <line num="30" count="2" type="stmt"/>
    </file>
    <file name="CreateBlogForm.tsx" path="C:\Users\himan\OneDrive\Desktop\blog\components\CreateBlogForm.tsx">
      <metrics statements="27" coveredstatements="27" conditionals="12" coveredconditionals="11" methods="11" coveredmethods="11"/>
      <line num="11" count="1" type="stmt"/>
      <line num="12" count="25" type="stmt"/>
      <line num="13" count="25" type="stmt"/>
      <line num="14" count="25" type="stmt"/>
      <line num="22" count="25" type="stmt"/>
      <line num="23" count="2" type="stmt"/>
      <line num="24" count="2" type="stmt"/>
      <line num="25" count="2" type="stmt"/>
      <line num="26" count="2" type="stmt"/>
      <line num="27" count="2" type="stmt"/>
      <line num="31" count="25" type="stmt"/>
      <line num="32" count="3" type="stmt"/>
      <line num="33" count="3" type="cond" truecount="2" falsecount="0"/>
      <line num="34" count="2" type="stmt"/>
      <line num="35" count="1" type="stmt"/>
      <line num="36" count="1" type="stmt"/>
      <line num="40" count="25" type="stmt"/>
      <line num="43" count="4" type="stmt"/>
      <line num="44" count="4" type="stmt"/>
      <line num="48" count="25" type="stmt"/>
      <line num="49" count="4" type="stmt"/>
      <line num="50" count="4" type="cond" truecount="3" falsecount="1"/>
      <line num="51" count="4" type="stmt"/>
      <line num="54" count="25" type="stmt"/>
      <line num="65" count="5" type="stmt"/>
      <line num="77" count="1" type="stmt"/>
      <line num="111" count="4" type="stmt"/>
    </file>
  </project>
</coverage>
