<?xml version="1.0" encoding="UTF-8"?>
<coverage generated="1786111965397" clover="3.2.0">
  <project timestamp="1786111965397" name="All files">
    <metrics statements="9" coveredstatements="9" conditionals="14" coveredconditionals="10" methods="4" coveredmethods="4" elements="27" coveredelements="23" complexity="0" loc="9" ncloc="9" packages="1" files="1" classes="1"/>
    <file name="BlogCard.tsx" path="C:\Users\himan\OneDrive\Desktop\blog\components\BlogCard.tsx">
      <metrics statements="9" coveredstatements="9" conditionals="14" coveredconditionals="10" methods="4" coveredmethods="4"/>
      <line num="13" count="1" type="stmt"/>
      <line num="14" count="9" type="stmt"/>
      <line num="15" count="9" type="stmt"/>
      <line num="16" count="9" type="cond" truecount="2" falsecount="0"/>
      <line num="17" count="1" type="cond" truecount="1" falsecount="1"/>
      <line num="18" count="1" type="stmt"/>
      <line num="21" count="9" type="stmt"/>
      <line num="56" count="2" type="stmt"/>
      <line num="62" count="2" type="stmt"/>
    </file>
  </project>
</coverage>
