{"C:\\Users\\himan\\OneDrive\\Desktop\\blog\\components\\BlogCard.tsx": {"path":"C:\\Users\\himan\\OneDrive\\Desktop\\blog\\components\\BlogCard.tsx","statementMap":{"0":{"start":{"line":13,"column":49},"end":{"line":71,"column":null}},"1":{"start":{"line":14,"column":18},"end":{"line":19,"column":null}},"2":{"start":{"line":15,"column":14},"end":{"line":15,"column":null}},"3":{"start":{"line":16,"column":4},"end":{"line":16,"column":null}},"4":{"start":{"line":16,"column":31},"end":{"line":16,"column":null}},"5":{"start":{"line":17,"column":4},"end":{"line":17,"column":null}},"6":{"start":{"line":17,"column":30},"end":{"line":17,"column":null}},"7":{"start":{"line":18,"column":4},"end":{"line":18,"column":null}},"8":{"start":{"line":21,"column":2},"end":{"line":69,"column":null}},"9":{"start":{"line":56,"column":30},"end":{"line":56,"column":51}},"10":{"start":{"line":56,"column":51},"end":{"line":56,"column":65}},"11":{"start":{"line":62,"column":30},"end":{"line":62,"column":51}},"12":{"start":{"line":62,"column":51},"end":{"line":62,"column":70}}},"fnMap":{"0":{"name":"(anonymous_0)","decl":{"start":{"line":13,"column":49},"end":{"line":13,"column":50}},"loc":{"start":{"line":13,"column":100},"end":{"line":71,"column":null}},"line":13},"1":{"name":"(anonymous_1)","decl":{"start":{"line":14,"column":18},"end":{"line":14,"column":19}},"loc":{"start":{"line":14,"column":35},"end":{"line":19,"column":null}},"line":14},"2":{"name":"(anonymous_2)","decl":{"start":{"line":56,"column":21},"end":{"line":56,"column":22}},"loc":{"start":{"line":56,"column":28},"end":{"line":56,"column":null}},"line":56},"3":{"name":"(anonymous_3)","decl":{"start":{"line":62,"column":21},"end":{"line":62,"column":22}},"loc":{"start":{"line":62,"column":28},"end":{"line":62,"column":null}},"line":62}},"branchMap":{"0":{"loc":{"start":{"line":16,"column":4},"end":{"line":16,"column":null}},"type":"if","locations":[{"start":{"line":16,"column":4},"end":{"line":16,"column":null}},{"start":{},"end":{}}],"line":16},"1":{"loc":{"start":{"line":17,"column":4},"end":{"line":17,"column":null}},"type":"if","locations":[{"start":{"line":17,"column":4},"end":{"line":17,"column":null}},{"start":{},"end":{}}],"line":17},"2":{"loc":{"start":{"line":25,"column":8},"end":{"line":25,"column":null}},"type":"cond-expr","locations":[{"start":{"line":25,"column":19},"end":{"line":25,"column":81}},{"start":{"line":25,"column":81},"end":{"line":25,"column":null}}],"line":25},"3":{"loc":{"start":{"line":30,"column":30},"end":{"line":30,"column":76}},"type":"cond-expr","locations":[{"start":{"line":30,"column":41},"end":{"line":30,"column":60}},{"start":{"line":30,"column":60},"end":{"line":30,"column":76}}],"line":30},"4":{"loc":{"start":{"line":31,"column":21},"end":{"line":31,"column":43}},"type":"binary-expr","locations":[{"start":{"line":31,"column":21},"end":{"line":31,"column":41}},{"start":{"line":31,"column":41},"end":{"line":31,"column":43}}],"line":31},"5":{"loc":{"start":{"line":34,"column":13},"end":{"line":34,"column":null}},"type":"binary-expr","locations":[{"start":{"line":34,"column":13},"end":{"line":34,"column":33}},{"start":{"line":34,"column":33},"end":{"line":34,"column":null}}],"line":34},"6":{"loc":{"start":{"line":40,"column":84},"end":{"line":40,"column":157}},"type":"cond-expr","locations":[{"start":{"line":40,"column":95},"end":{"line":40,"column":114}},{"start":{"line":40,"column":114},"end":{"line":40,"column":157}}],"line":40}},"s":{"0":1,"1":9,"2":9,"3":9,"4":8,"5":1,"6":0,"7":1,"8":9,"9":2,"10":2,"11":2,"12":2},"f":{"0":9,"1":9,"2":2,"3":2},"b":{"0":[8,1],"1":[0,1],"2":[0,9],"3":[0,9],"4":[9,1],"5":[9,1],"6":[0,9]},"meta":{"lastBranch":7,"lastFunction":4,"lastStatement":13,"seen":{"s:13:49:71:Infinity":0,"f:13:49:13:50":0,"s:14:18:19:Infinity":1,"f:14:18:14:19":1,"s:15:14:15:Infinity":2,"b:16:4:16:Infinity:undefined:undefined:undefined:undefined":0,"s:16:4:16:Infinity":3,"s:16:31:16:Infinity":4,"b:17:4:17:Infinity:undefined:undefined:undefined:undefined":1,"s:17:4:17:Infinity":5,"s:17:30:17:Infinity":6,"s:18:4:18:Infinity":7,"s:21:2:69:Infinity":8,"b:25:19:25:81:25:81:25:Infinity":2,"b:30:41:30:60:30:60:30:76":3,"b:31:21:31:41:31:41:31:43":4,"b:34:13:34:33:34:33:34:Infinity":5,"b:40:95:40:114:40:114:40:157":6,"f:56:21:56:22":2,"s:56:30:56:51":9,"s:56:51:56:65":10,"f:62:21:62:22":3,"s:62:30:62:51":11,"s:62:51:62:70":12},"fnNames":{}}}
}
