{"C:\\Users\\himan\\OneDrive\\Desktop\\blog\\components\\BlogCard.tsx": {"path":"C:\\Users\\himan\\OneDrive\\Desktop\\blog\\components\\BlogCard.tsx","statementMap":{"0":{"start":{"line":13,"column":49},"end":{"line":71,"column":null}},"1":{"start":{"line":14,"column":18},"end":{"line":19,"column":null}},"2":{"start":{"line":15,"column":14},"end":{"line":15,"column":null}},"3":{"start":{"line":16,"column":4},"end":{"line":16,"column":null}},"4":{"start":{"line":16,"column":31},"end":{"line":16,"column":null}},"5":{"start":{"line":17,"column":4},"end":{"line":17,"column":null}},"6":{"start":{"line":17,"column":30},"end":{"line":17,"column":null}},"7":{"start":{"line":18,"column":4},"end":{"line":18,"column":null}},"8":{"start":{"line":21,"column":2},"end":{"line":69,"column":null}},"9":{"start":{"line":56,"column":30},"end":{"line":56,"column":51}},"10":{"start":{"line":56,"column":51},"end":{"line":56,"column":65}},"11":{"start":{"line":62,"column":30},"end":{"line":62,"column":51}},"12":{"start":{"line":62,"column":51},"end":{"line":62,"column":70}}},"fnMap":{"0":{"name":"(anonymous_0)","decl":{"start":{"line":13,"column":49},"end":{"line":13,"column":50}},"loc":{"start":{"line":13,"column":100},"end":{"line":71,"column":null}},"line":13},"1":{"name":"(anonymous_1)","decl":{"start":{"line":14,"column":18},"end":{"line":14,"column":19}},"loc":{"start":{"line":14,"column":35},"end":{"line":19,"column":null}},"line":14},"2":{"name":"(anonymous_2)","decl":{"start":{"line":56,"column":21},"end":{"line":56,"column":22}},"loc":{"start":{"line":56,"column":28},"end":{"line":56,"column":null}},"line":56},"3":{"name":"(anonymous_3)","decl":{"start":{"line":62,"column":21},"end":{"line":62,"column":22}},"loc":{"start":{"line":62,"column":28},"end":{"line":62,"column":null}},"line":62}},"branchMap":{"0":{"loc":{"start":{"line":16,"column":4},"end":{"line":16,"column":null}},"type":"if","locations":[{"start":{"line":16,"column":4},"end":{"line":16,"column":null}},{"start":{},"end":{}}],"line":16},"1":{"loc":{"start":{"line":17,"column":4},"end":{"line":17,"column":null}},"type":"if","locations":[{"start":{"line":17,"column":4},"end":{"line":17,"column":null}},{"start":{},"end":{}}],"line":17},"2":{"loc":{"start":{"line":25,"column":8},"end":{"line":25,"column":null}},"type":"cond-expr","locations":[{"start":{"line":25,"column":19},"end":{"line":25,"column":81}},{"start":{"line":25,"column":81},"end":{"line":25,"column":null}}],"line":25},"3":{"loc":{"start":{"line":30,"column":30},"end":{"line":30,"column":76}},"type":"cond-expr","locations":[{"start":{"line":30,"column":41},"end":{"line":30,"column":60}},{"start":{"line":30,"column":60},"end":{"line":30,"column":76}}],"line":30},"4":{"loc":{"start":{"line":31,"column":21},"end":{"line":31,"column":43}},"type":"binary-expr","locations":[{"start":{"line":31,"column":21},"end":{"line":31,"column":41}},{"start":{"line":31,"column":41},"end":{"line":31,"column":43}}],"line":31},"5":{"loc":{"start":{"line":34,"column":13},"end":{"line":34,"column":null}},"type":"binary-expr","locations":[{"start":{"line":34,"column":13},"end":{"line":34,"column":33}},{"start":{"line":34,"column":33},"end":{"line":34,"column":null}}],"line":34},"6":{"loc":{"start":{"line":40,"column":84},"end":{"line":40,"column":157}},"type":"cond-expr","locations":[{"start":{"line":40,"column":95},"end":{"line":40,"column":114}},{"start":{"line":40,"column":114},"end":{"line":40,"column":157}}],"line":40}},"s":{"0":1,"1":9,"2":9,"3":9,"4":8,"5":1,"6":0,"7":1,"8":9,"9":2,"10":2,"11":2,"12":2},"f":{"0":9,"1":9,"2":2,"3":2},"b":{"0":[8,1],"1":[0,1],"2":[0,9],"3":[0,9],"4":[9,1],"5":[9,1],"6":[0,9]},"meta":{"lastBranch":7,"lastFunction":4,"lastStatement":13,"seen":{"s:13:49:71:Infinity":0,"f:13:49:13:50":0,"s:14:18:19:Infinity":1,"f:14:18:14:19":1,"s:15:14:15:Infinity":2,"b:16:4:16:Infinity:undefined:undefined:undefined:undefined":0,"s:16:4:16:Infinity":3,"s:16:31:16:Infinity":4,"b:17:4:17:Infinity:undefined:undefined:undefined:undefined":1,"s:17:4:17:Infinity":5,"s:17:30:17:Infinity":6,"s:18:4:18:Infinity":7,"s:21:2:69:Infinity":8,"b:25:19:25:81:25:81:25:Infinity":2,"b:30:41:30:60:30:60:30:76":3,"b:31:21:31:41:31:41:31:43":4,"b:34:13:34:33:34:33:34:Infinity":5,"b:40:95:40:114:40:114:40:157":6,"f:56:21:56:22":2,"s:56:30:56:51":9,"s:56:51:56:65":10,"f:62:21:62:22":3,"s:62:30:62:51":11,"s:62:51:62:70":12},"fnNames":{}}}
,"C:\\Users\\himan\\OneDrive\\Desktop\\blog\\components\\BlogDetail.tsx": {"path":"C:\\Users\\himan\\OneDrive\\Desktop\\blog\\components\\BlogDetail.tsx","statementMap":{"0":{"start":{"line":10,"column":53},"end":{"line":97,"column":null}},"1":{"start":{"line":11,"column":32},"end":{"line":15,"column":null}},"2":{"start":{"line":13,"column":13},"end":{"line":13,"column":null}},"3":{"start":{"line":17,"column":2},"end":{"line":26,"column":null}},"4":{"start":{"line":18,"column":4},"end":{"line":24,"column":null}},"5":{"start":{"line":28,"column":2},"end":{"line":28,"column":null}},"6":{"start":{"line":28,"column":26},"end":{"line":28,"column":null}},"7":{"start":{"line":30,"column":2},"end":{"line":95,"column":null}}},"fnMap":{"0":{"name":"(anonymous_0)","decl":{"start":{"line":10,"column":53},"end":{"line":10,"column":54}},"loc":{"start":{"line":10,"column":65},"end":{"line":97,"column":null}},"line":10},"1":{"name":"(anonymous_1)","decl":{"start":{"line":13,"column":13},"end":{"line":13,"column":19}},"loc":{"start":{"line":13,"column":13},"end":{"line":13,"column":null}},"line":13}},"branchMap":{"0":{"loc":{"start":{"line":17,"column":2},"end":{"line":26,"column":null}},"type":"if","locations":[{"start":{"line":17,"column":2},"end":{"line":26,"column":null}},{"start":{},"end":{}}],"line":17},"1":{"loc":{"start":{"line":28,"column":2},"end":{"line":28,"column":null}},"type":"if","locations":[{"start":{"line":28,"column":2},"end":{"line":28,"column":null}},{"start":{},"end":{}}],"line":28},"2":{"loc":{"start":{"line":28,"column":6},"end":{"line":28,"column":26}},"type":"binary-expr","locations":[{"start":{"line":28,"column":6},"end":{"line":28,"column":19}},{"start":{"line":28,"column":19},"end":{"line":28,"column":26}}],"line":28},"3":{"loc":{"start":{"line":32,"column":16},"end":{"line":32,"column":130}},"type":"binary-expr","locations":[{"start":{"line":32,"column":16},"end":{"line":32,"column":36}},{"start":{"line":32,"column":36},"end":{"line":32,"column":130}}],"line":32},"4":{"loc":{"start":{"line":36,"column":93},"end":{"line":36,"column":126}},"type":"binary-expr","locations":[{"start":{"line":36,"column":93},"end":{"line":36,"column":116}},{"start":{"line":36,"column":116},"end":{"line":36,"column":126}}],"line":36},"5":{"loc":{"start":{"line":42,"column":11},"end":{"line":42,"column":null}},"type":"binary-expr","locations":[{"start":{"line":42,"column":11},"end":{"line":42,"column":26}},{"start":{"line":42,"column":26},"end":{"line":42,"column":null}}],"line":42},"6":{"loc":{"start":{"line":53,"column":61},"end":{"line":53,"column":102}},"type":"binary-expr","locations":[{"start":{"line":53,"column":61},"end":{"line":53,"column":92}},{"start":{"line":53,"column":92},"end":{"line":53,"column":102}}],"line":53},"7":{"loc":{"start":{"line":67,"column":13},"end":{"line":67,"column":null}},"type":"binary-expr","locations":[{"start":{"line":67,"column":13},"end":{"line":67,"column":34}},{"start":{"line":67,"column":34},"end":{"line":67,"column":null}}],"line":67},"8":{"loc":{"start":{"line":77,"column":13},"end":{"line":77,"column":null}},"type":"binary-expr","locations":[{"start":{"line":77,"column":13},"end":{"line":77,"column":30}},{"start":{"line":77,"column":30},"end":{"line":77,"column":null}}],"line":77}},"s":{"0":1,"1":6,"2":3,"3":6,"4":1,"5":5,"6":3,"7":2},"f":{"0":6,"1":3},"b":{"0":[1,5],"1":[3,2],"2":[5,2],"3":[2,0],"4":[6,1],"5":[6,1],"6":[6,1],"7":[6,1],"8":[6,1]},"meta":{"lastBranch":9,"lastFunction":2,"lastStatement":8,"seen":{"s:10:53:97:Infinity":0,"f:10:53:10:54":0,"s:11:32:15:Infinity":1,"f:13:13:13:19":1,"s:13:13:13:Infinity":2,"b:17:2:26:Infinity:undefined:undefined:undefined:undefined":0,"s:17:2:26:Infinity":3,"s:18:4:24:Infinity":4,"b:28:2:28:Infinity:undefined:undefined:undefined:undefined":1,"s:28:2:28:Infinity":5,"b:28:6:28:19:28:19:28:26":2,"s:28:26:28:Infinity":6,"s:30:2:95:Infinity":7,"b:32:16:32:36:32:36:32:130":3,"b:36:93:36:116:36:116:36:126":4,"b:42:11:42:26:42:26:42:Infinity":5,"b:53:61:53:92:53:92:53:102":6,"b:67:13:67:34:67:34:67:Infinity":7,"b:77:13:77:30:77:30:77:Infinity":8},"fnNames":{}}}
,"C:\\Users\\himan\\OneDrive\\Desktop\\blog\\components\\CreateBlogForm.tsx": {"path":"C:\\Users\\himan\\OneDrive\\Desktop\\blog\\components\\CreateBlogForm.tsx","statementMap":{"0":{"start":{"line":11,"column":47},"end":{"line":125,"column":null}},"1":{"start":{"line":12,"column":8},"end":{"line":12,"column":null}},"2":{"start":{"line":13,"column":28},"end":{"line":13,"column":null}},"3":{"start":{"line":14,"column":30},"end":{"line":20,"column":null}},"4":{"start":{"line":22,"column":19},"end":{"line":29,"column":null}},"5":{"start":{"line":23,"column":4},"end":{"line":28,"column":null}},"6":{"start":{"line":24,"column":21},"end":{"line":24,"column":null}},"7":{"start":{"line":25,"column":6},"end":{"line":25,"column":null}},"8":{"start":{"line":26,"column":6},"end":{"line":26,"column":null}},"9":{"start":{"line":26,"column":28},"end":{"line":26,"column":null}},"10":{"start":{"line":27,"column":6},"end":{"line":27,"column":null}},"11":{"start":{"line":27,"column":32},"end":{"line":27,"column":null}},"12":{"start":{"line":31,"column":28},"end":{"line":38,"column":null}},"13":{"start":{"line":32,"column":17},"end":{"line":32,"column":null}},"14":{"start":{"line":33,"column":4},"end":{"line":37,"column":null}},"15":{"start":{"line":34,"column":21},"end":{"line":34,"column":null}},"16":{"start":{"line":35,"column":6},"end":{"line":35,"column":null}},"17":{"start":{"line":36,"column":6},"end":{"line":36,"column":null}},"18":{"start":{"line":40,"column":8},"end":{"line":46,"column":null}},"19":{"start":{"line":43,"column":6},"end":{"line":43,"column":null}},"20":{"start":{"line":44,"column":6},"end":{"line":44,"column":null}},"21":{"start":{"line":48,"column":23},"end":{"line":52,"column":null}},"22":{"start":{"line":49,"column":4},"end":{"line":49,"column":null}},"23":{"start":{"line":50,"column":4},"end":{"line":50,"column":null}},"24":{"start":{"line":50,"column":60},"end":{"line":50,"column":null}},"25":{"start":{"line":51,"column":4},"end":{"line":51,"column":null}},"26":{"start":{"line":54,"column":2},"end":{"line":123,"column":null}},"27":{"start":{"line":65,"column":31},"end":{"line":65,"column":null}},"28":{"start":{"line":77,"column":31},"end":{"line":77,"column":null}},"29":{"start":{"line":111,"column":27},"end":{"line":111,"column":null}}},"fnMap":{"0":{"name":"(anonymous_0)","decl":{"start":{"line":11,"column":47},"end":{"line":11,"column":48}},"loc":{"start":{"line":11,"column":65},"end":{"line":125,"column":null}},"line":11},"1":{"name":"(anonymous_1)","decl":{"start":{"line":22,"column":19},"end":{"line":22,"column":20}},"loc":{"start":{"line":22,"column":52},"end":{"line":29,"column":null}},"line":22},"2":{"name":"(anonymous_2)","decl":{"start":{"line":23,"column":23},"end":{"line":23,"column":24}},"loc":{"start":{"line":23,"column":44},"end":{"line":28,"column":5}},"line":23},"3":{"name":"(anonymous_3)","decl":{"start":{"line":26,"column":22},"end":{"line":26,"column":28}},"loc":{"start":{"line":26,"column":28},"end":{"line":26,"column":null}},"line":26},"4":{"name":"(anonymous_4)","decl":{"start":{"line":27,"column":23},"end":{"line":27,"column":32}},"loc":{"start":{"line":27,"column":32},"end":{"line":27,"column":null}},"line":27},"5":{"name":"(anonymous_5)","decl":{"start":{"line":31,"column":28},"end":{"line":31,"column":35}},"loc":{"start":{"line":31,"column":78},"end":{"line":38,"column":null}},"line":31},"6":{"name":"(anonymous_6)","decl":{"start":{"line":42,"column":15},"end":{"line":42,"column":21}},"loc":{"start":{"line":42,"column":21},"end":{"line":45,"column":null}},"line":42},"7":{"name":"(anonymous_7)","decl":{"start":{"line":48,"column":23},"end":{"line":48,"column":24}},"loc":{"start":{"line":48,"column":47},"end":{"line":52,"column":null}},"line":48},"8":{"name":"(anonymous_8)","decl":{"start":{"line":65,"column":24},"end":{"line":65,"column":25}},"loc":{"start":{"line":65,"column":31},"end":{"line":65,"column":null}},"line":65},"9":{"name":"(anonymous_9)","decl":{"start":{"line":77,"column":24},"end":{"line":77,"column":25}},"loc":{"start":{"line":77,"column":31},"end":{"line":77,"column":null}},"line":77},"10":{"name":"(anonymous_10)","decl":{"start":{"line":111,"column":20},"end":{"line":111,"column":21}},"loc":{"start":{"line":111,"column":27},"end":{"line":111,"column":null}},"line":111}},"branchMap":{"0":{"loc":{"start":{"line":33,"column":4},"end":{"line":37,"column":null}},"type":"if","locations":[{"start":{"line":33,"column":4},"end":{"line":37,"column":null}},{"start":{},"end":{}}],"line":33},"1":{"loc":{"start":{"line":50,"column":4},"end":{"line":50,"column":null}},"type":"if","locations":[{"start":{"line":50,"column":4},"end":{"line":50,"column":null}},{"start":{},"end":{}}],"line":50},"2":{"loc":{"start":{"line":50,"column":8},"end":{"line":50,"column":60}},"type":"binary-expr","locations":[{"start":{"line":50,"column":8},"end":{"line":50,"column":34}},{"start":{"line":50,"column":34},"end":{"line":50,"column":60}}],"line":50},"3":{"loc":{"start":{"line":91,"column":164},"end":{"line":91,"column":269}},"type":"cond-expr","locations":[{"start":{"line":91,"column":174},"end":{"line":91,"column":197}},{"start":{"line":91,"column":197},"end":{"line":91,"column":269}}],"line":91},"4":{"loc":{"start":{"line":92,"column":15},"end":{"line":98,"column":null}},"type":"cond-expr","locations":[{"start":{"line":93,"column":16},"end":{"line":93,"column":null}},{"start":{"line":95,"column":16},"end":{"line":98,"column":null}}],"line":92},"5":{"loc":{"start":{"line":121,"column":9},"end":{"line":121,"column":null}},"type":"cond-expr","locations":[{"start":{"line":121,"column":30},"end":{"line":121,"column":48}},{"start":{"line":121,"column":48},"end":{"line":121,"column":null}}],"line":121}},"s":{"0":1,"1":25,"2":25,"3":25,"4":25,"5":2,"6":2,"7":2,"8":2,"9":1,"10":2,"11":1,"12":25,"13":3,"14":3,"15":2,"16":1,"17":1,"18":25,"19":4,"20":4,"21":25,"22":4,"23":4,"24":0,"25":4,"26":25,"27":5,"28":1,"29":4},"f":{"0":25,"1":2,"2":2,"3":1,"4":1,"5":3,"6":4,"7":4,"8":5,"9":1,"10":4},"b":{"0":[2,1],"1":[0,4],"2":[4,4],"3":[4,21],"4":[4,21],"5":[1,24]},"meta":{"lastBranch":6,"lastFunction":11,"lastStatement":30,"seen":{"s:11:47:125:Infinity":0,"f:11:47:11:48":0,"s:12:8:12:Infinity":1,"s:13:28:13:Infinity":2,"s:14:30:20:Infinity":3,"s:22:19:29:Infinity":4,"f:22:19:22:20":1,"s:23:4:28:Infinity":5,"f:23:23:23:24":2,"s:24:21:24:Infinity":6,"s:25:6:25:Infinity":7,"s:26:6:26:Infinity":8,"f:26:22:26:28":3,"s:26:28:26:Infinity":9,"s:27:6:27:Infinity":10,"f:27:23:27:32":4,"s:27:32:27:Infinity":11,"s:31:28:38:Infinity":12,"f:31:28:31:35":5,"s:32:17:32:Infinity":13,"b:33:4:37:Infinity:undefined:undefined:undefined:undefined":0,"s:33:4:37:Infinity":14,"s:34:21:34:Infinity":15,"s:35:6:35:Infinity":16,"s:36:6:36:Infinity":17,"s:40:8:46:Infinity":18,"f:42:15:42:21":6,"s:43:6:43:Infinity":19,"s:44:6:44:Infinity":20,"s:48:23:52:Infinity":21,"f:48:23:48:24":7,"s:49:4:49:Infinity":22,"b:50:4:50:Infinity:undefined:undefined:undefined:undefined":1,"s:50:4:50:Infinity":23,"b:50:8:50:34:50:34:50:60":2,"s:50:60:50:Infinity":24,"s:51:4:51:Infinity":25,"s:54:2:123:Infinity":26,"f:65:24:65:25":8,"s:65:31:65:Infinity":27,"f:77:24:77:25":9,"s:77:31:77:Infinity":28,"b:91:174:91:197:91:197:91:269":3,"b:93:16:93:Infinity:95:16:98:Infinity":4,"f:111:20:111:21":10,"s:111:27:111:Infinity":29,"b:121:30:121:48:121:48:121:Infinity":5},"fnNames":{}}}
}
